# JRE version: Java(TM) SE Runtime Environment (8.0_191-b12) (build 1.8.0_191-b12)
# Java VM: Java HotSpot(TM) Client VM (25.191-b12 mixed mode windows-x86 )
Heap:
 def new generation   total 70848K, used 54163K [0x05600000, 0x0a2e0000, 0x100a0000)
  eden space 62976K,  84% used [0x05600000, 0x08a2e000, 0x09380000)
  from space 7872K,   9% used [0x09b30000, 0x09be6fb0, 0x0a2e0000)
  to   space 7872K,   0% used [0x09380000, 0x09380000, 0x09b30000)
 tenured generation   total 157292K, used 132744K [0x100a0000, 0x19a3b000, 0x25600000)
   the space 157292K,  84% used [0x100a0000, 0x18242118, 0x18242200, 0x19a3b000)
 Metaspace       used 25729K, capacity 26444K, committed 26496K, reserved 27008K
GC Heap History (10 events):
Event: 8410.945 GC heap before
{Heap before GC invocations=15 (full 3):
 def new generation   total 70848K, used 67835K [0x05600000, 0x0a2e0000, 0x100a0000)
  eden space 62976K, 100% used [0x05600000, 0x09380000, 0x09380000)
  from space 7872K,  61% used [0x09380000, 0x0983efa8, 0x09b30000)
  to   space 7872K,   0% used [0x09b30000, 0x09b30000, 0x0a2e0000)
 tenured generation   total 157292K, used 125824K [0x100a0000, 0x19a3b000, 0x25600000)
   the space 157292K,  79% used [0x100a0000, 0x17b801b8, 0x17b80200, 0x19a3b000)
 Metaspace       used 25523K, capacity 26225K, committed 26368K, reserved 27008K
Event: 8410.949 GC heap after
Heap after GC invocations=16 (full 3):
 def new generation   total 70848K, used 3093K [0x05600000, 0x0a2e0000, 0x100a0000)
  eden space 62976K,   0% used [0x05600000, 0x05600000, 0x09380000)
  from space 7872K,  39% used [0x09b30000, 0x09e356f0, 0x0a2e0000)
  to   space 7872K,   0% used [0x09380000, 0x09380000, 0x09b30000)
 tenured generation   total 157292K, used 127153K [0x100a0000, 0x19a3b000, 0x25600000)
   the space 157292K,  80% used [0x100a0000, 0x17ccc588, 0x17ccc600, 0x19a3b000)
 Metaspace       used 25523K, capacity 26225K, committed 26368K, reserved 27008K
}
Event: 10086.736 GC heap before
{Heap before GC invocations=16 (full 3):
 def new generation   total 70848K, used 66069K [0x05600000, 0x0a2e0000, 0x100a0000)
  eden space 62976K, 100% used [0x05600000, 0x09380000, 0x09380000)
  from space 7872K,  39% used [0x09b30000, 0x09e356f0, 0x0a2e0000)
  to   space 7872K,   0% used [0x09380000, 0x09380000, 0x09b30000)
 tenured generation   total 157292K, used 127153K [0x100a0000, 0x19a3b000, 0x25600000)
   the space 157292K,  80% used [0x100a0000, 0x17ccc588, 0x17ccc600, 0x19a3b000)
 Metaspace       used 25525K, capacity 26225K, committed 26368K, reserved 27008K
Event: 10086.740 GC heap after
Heap after GC invocations=17 (full 3):
 def new generation   total 70848K, used 2979K [0x05600000, 0x0a2e0000, 0x100a0000)
  eden space 62976K,   0% used [0x05600000, 0x05600000, 0x09380000)
  from space 7872K,  37% used [0x09380000, 0x09668f50, 0x09b30000)
  to   space 7872K,   0% used [0x09b30000, 0x09b30000, 0x0a2e0000)
 tenured generation   total 157292K, used 127153K [0x100a0000, 0x19a3b000, 0x25600000)
   the space 157292K,  80% used [0x100a0000, 0x17ccc588, 0x17ccc600, 0x19a3b000)
 Metaspace       used 25525K, capacity 26225K, committed 26368K, reserved 27008K
}
Event: 10718.970 GC heap before
{Heap before GC invocations=17 (full 3):
 def new generation   total 70848K, used 65955K [0x05600000, 0x0a2e0000, 0x100a0000)
  eden space 62976K, 100% used [0x05600000, 0x09380000, 0x09380000)
  from space 7872K,  37% used [0x09380000, 0x09668f50, 0x09b30000)
  to   space 7872K,   0% used [0x09b30000, 0x09b30000, 0x0a2e0000)
 tenured generation   total 157292K, used 127153K [0x100a0000, 0x19a3b000, 0x25600000)
   the space 157292K,  80% used [0x100a0000, 0x17ccc588, 0x17ccc600, 0x19a3b000)
 Metaspace       used 25720K, capacity 26439K, committed 26496K, reserved 27008K
Event: 10718.975 GC heap after
Heap after GC invocations=18 (full 3):
 def new generation   total 70848K, used 5421K [0x05600000, 0x0a2e0000, 0x100a0000)
  eden space 62976K,   0% used [0x05600000, 0x05600000, 0x09380000)
  from space 7872K,  68% used [0x09b30000, 0x0a07b528, 0x0a2e0000)
  to   space 7872K,   0% used [0x09380000, 0x09380000, 0x09b30000)
 tenured generation   total 157292K, used 127153K [0x100a0000, 0x19a3b000, 0x25600000)
   the space 157292K,  80% used [0x100a0000, 0x17ccc588, 0x17ccc600, 0x19a3b000)
 Metaspace       used 25720K, capacity 26439K, committed 26496K, reserved 27008K
}
Event: 10790.587 GC heap before
{Heap before GC invocations=18 (full 3):
 def new generation   total 70848K, used 68397K [0x05600000, 0x0a2e0000, 0x100a0000)
  eden space 62976K, 100% used [0x05600000, 0x09380000, 0x09380000)
  from space 7872K,  68% used [0x09b30000, 0x0a07b528, 0x0a2e0000)
  to   space 7872K,   0% used [0x09380000, 0x09380000, 0x09b30000)
 tenured generation   total 157292K, used 127153K [0x100a0000, 0x19a3b000, 0x25600000)
   the space 157292K,  80% used [0x100a0000, 0x17ccc588, 0x17ccc600, 0x19a3b000)
 Metaspace       used 25729K, capacity 26444K, committed 26496K, reserved 27008K
Event: 10790.597 GC heap after
Heap after GC invocations=19 (full 3):
 def new generation   total 70848K, used 4190K [0x05600000, 0x0a2e0000, 0x100a0000)
  eden space 62976K,   0% used [0x05600000, 0x05600000, 0x09380000)
  from space 7872K,  53% used [0x09380000, 0x09797818, 0x09b30000)
  to   space 7872K,   0% used [0x09b30000, 0x09b30000, 0x0a2e0000)
 tenured generation   total 157292K, used 129394K [0x100a0000, 0x19a3b000, 0x25600000)
   the space 157292K,  82% used [0x100a0000, 0x17efc878, 0x17efca00, 0x19a3b000)
 Metaspace       used 25729K, capacity 26444K, committed 26496K, reserved 27008K
}
Event: 10952.865 GC heap before
{Heap before GC invocations=19 (full 3):
 def new generation   total 70848K, used 67166K [0x05600000, 0x0a2e0000, 0x100a0000)
  eden space 62976K, 100% used [0x05600000, 0x09380000, 0x09380000)
  from space 7872K,  53% used [0x09380000, 0x09797818, 0x09b30000)
  to   space 7872K,   0% used [0x09b30000, 0x09b30000, 0x0a2e0000)
 tenured generation   total 157292K, used 129394K [0x100a0000, 0x19a3b000, 0x25600000)
   the space 157292K,  82% used [0x100a0000, 0x17efc878, 0x17efca00, 0x19a3b000)
 Metaspace       used 25729K, capacity 26444K, committed 26496K, reserved 27008K
Event: 10952.870 GC heap after
Heap after GC invocations=20 (full 3):
 def new generation   total 70848K, used 731K [0x05600000, 0x0a2e0000, 0x100a0000)
  eden space 62976K,   0% used [0x05600000, 0x05600000, 0x09380000)
  from space 7872K,   9% used [0x09b30000, 0x09be6fb0, 0x0a2e0000)
  to   space 7872K,   0% used [0x09380000, 0x09380000, 0x09b30000)
 tenured generation   total 157292K, used 132744K [0x100a0000, 0x19a3b000, 0x25600000)
   the space 157292K,  84% used [0x100a0000, 0x18242118, 0x18242200, 0x19a3b000)
 Metaspace       used 25729K, capacity 26444K, committed 26496K, reserved 27008K
}

